{
  "RSpec": {
    "coverage": {
      "/home/student/puts/test/work_directory/spec/controllers/employees_controller_spec.rb": [

      ],
      "/home/student/puts/test/work_directory/spec/controllers/positions_controller_spec.rb": [
        1,
        null,
        1,
        0,
        0,
        0,
        0,
        null,
        0,
        null,
        0,
        null,
        null,
        null,
        0,
        0,
        0,
        null,
        null,
        null
      ],
      "/home/student/puts/test/work_directory/spec/models/employee_spec.rb": [
        1,
        null,
        0,
        0,
        0,
        null,
        0,
        0,
        null,
        null,
        0,
        0,
        null,
        null,
        null,
        0,
        0,
        null,
        null,
        null,
        0,
        0,
        null,
        null,
        null
      ],
      "/home/student/puts/test/work_directory/spec/rails_helper.rb": [
        null,
        1,
        1,
        null,
        0,
        0,
        0,
        null,
        null,
        null,
        null,
        null,
        null,
        null,
        null,
        null,
        null,
        null,
        null,
        null,
        null,
        null,
        0,
        null,
        null,
        null,
        0,
        null,
        0,
        0,
        0,
        0,
        null,
        null,
        null,
        0,
        0,
        0,
        null,
        0,
        null,
        0,
        null,
        null,
        null,
        null,
        0,
        null,
        null,
        null,
        null,
        null,
        null,
        null,
        null,
        null,
        null,
        null,
        null,
        null,
        null,
        0,
        null,
        null,
        0,
        null,
        null,
        null
      ],
      "/home/student/puts/test/work_directory/config/environment.rb": [
        null,
        1,
        null,
        null,
        0
      ],
      "/home/student/puts/test/work_directory/config/application.rb": [
        1,
        null,
        0,
        null,
        null,
        null,
        0,
        null,
        0,
        0,
        null,
        null,
        null,
        null,
        null,
        null,
        null,
        null,
        null,
        null,
        null,
        null,
        null,
        0,
        null,
        null
      ],
      "/home/student/puts/test/work_directory/config/boot.rb": [
        1,
        null,
        1
      ],
      "/home/student/puts/test/work_directory/spec/models/position_spec.rb": [
        1,
        null,
        0,
        0,
        0,
        null,
        null,
        0,
        0,
        null,
        null
      ]
    },
    "timestamp": 1495105207
  }
}
